1681305607408	geckodriver	INFO	Listening on 127.0.0.1:51071
1681305607720	mozrunner::runner	INFO	Running command: "/snap/firefox/current/firefox.launcher" "--marionette" "--remote-debugging-port" "44397" "--remote-allow-hosts" "localhost" "-no-remote" "-profile" "/tmp/rust_mozprofileO14aTL"
Gtk-Message: 15:20:07.833: Failed to load module "canberra-gtk-module"
Gtk-Message: 15:20:07.835: Failed to load module "canberra-gtk-module"
1681305609038	Marionette	INFO	Marionette enabled
1681305609050	Marionette	INFO	Listening on port 46871
WebDriver BiDi listening on ws://localhost:44397
Read port: 46871
1681305609524	RemoteAgent	WARN	TLS certificate errors will be ignored for this session
console.warn: SearchSettings: "get: No settings file exists, new profile?" (new NotFoundError("Could not open the file at /tmp/rust_mozprofileO14aTL/search.json.mozlz4", (void 0)))
Missing chrome or resource URL: resource://gre/modules/UpdateListener.jsm
Missing chrome or resource URL: resource://gre/modules/UpdateListener.sys.mjs
DevTools listening on ws://localhost:44397/devtools/browser/8dac9e9c-4930-498b-96ed-0ef251549be4
Missing chrome or resource URL: resource://gre/modules/UpdateListener.jsm
Missing chrome or resource URL: resource://gre/modules/UpdateListener.sys.mjs
console.error: "Error during quit-application-granted: [Exception... \"File error: Not found\"  nsresult: \"0x80520012 (NS_ERROR_FILE_NOT_FOUND)\"  location: \"JS frame :: resource:///modules/BrowserGlue.jsm :: _onQuitApplicationGranted/tasks< :: line 2006\"  data: no]"
1681305624440	Marionette	INFO	Stopped listening on port 46871
console.warn: TopSitesFeed: Failed to fetch data from Contile server: NetworkError when attempting to fetch resource.
1681305692539	geckodriver	INFO	Listening on 127.0.0.1:35363
1681305692815	mozrunner::runner	INFO	Running command: "/snap/firefox/current/firefox.launcher" "--marionette" "--remote-debugging-port" "51443" "--remote-allow-hosts" "localhost" "-no-remote" "-profile" "/tmp/rust_mozprofileNng28V"
Gtk-Message: 15:21:32.968: Failed to load module "canberra-gtk-module"
Gtk-Message: 15:21:32.970: Failed to load module "canberra-gtk-module"
1681305693587	Marionette	INFO	Marionette enabled
1681305693592	Marionette	INFO	Listening on port 45559
WebDriver BiDi listening on ws://localhost:51443
Read port: 45559
1681305694003	RemoteAgent	WARN	TLS certificate errors will be ignored for this session
console.warn: SearchSettings: "get: No settings file exists, new profile?" (new NotFoundError("Could not open the file at /tmp/rust_mozprofileNng28V/search.json.mozlz4", (void 0)))
Missing chrome or resource URL: resource://gre/modules/UpdateListener.jsm
Missing chrome or resource URL: resource://gre/modules/UpdateListener.sys.mjs
DevTools listening on ws://localhost:51443/devtools/browser/b47a82e2-f428-49d1-8eed-cafa4c0e8fde
Missing chrome or resource URL: resource://gre/modules/UpdateListener.jsm
Missing chrome or resource URL: resource://gre/modules/UpdateListener.sys.mjs
console.error: "Error during quit-application-granted: [Exception... \"File error: Not found\"  nsresult: \"0x80520012 (NS_ERROR_FILE_NOT_FOUND)\"  location: \"JS frame :: resource:///modules/BrowserGlue.jsm :: _onQuitApplicationGranted/tasks< :: line 2006\"  data: no]"
1681305709978	Marionette	INFO	Stopped listening on port 45559
console.warn: TopSitesFeed: Failed to fetch data from Contile server: NetworkError when attempting to fetch resource.
1681305798883	geckodriver	INFO	Listening on 127.0.0.1:35021
1681305799224	mozrunner::runner	INFO	Running command: "/snap/firefox/current/firefox.launcher" "--marionette" "--remote-debugging-port" "55967" "--remote-allow-hosts" "localhost" "-no-remote" "-profile" "/tmp/rust_mozprofilebIkXLv"
Gtk-Message: 15:23:19.345: Failed to load module "canberra-gtk-module"
Gtk-Message: 15:23:19.347: Failed to load module "canberra-gtk-module"
1681305800060	Marionette	INFO	Marionette enabled
1681305800064	Marionette	INFO	Listening on port 41503
WebDriver BiDi listening on ws://localhost:55967
Read port: 41503
1681305800472	RemoteAgent	WARN	TLS certificate errors will be ignored for this session
console.warn: SearchSettings: "get: No settings file exists, new profile?" (new NotFoundError("Could not open the file at /tmp/rust_mozprofilebIkXLv/search.json.mozlz4", (void 0)))
Missing chrome or resource URL: resource://gre/modules/UpdateListener.jsm
Missing chrome or resource URL: resource://gre/modules/UpdateListener.sys.mjs
DevTools listening on ws://localhost:55967/devtools/browser/ca87bcaf-980a-4ea4-b6c1-4d86429b2a9a
1681305922562	geckodriver	INFO	Listening on 127.0.0.1:56783
1681305922836	mozrunner::runner	INFO	Running command: "/snap/firefox/current/firefox.launcher" "--marionette" "--remote-debugging-port" "34001" "--remote-allow-hosts" "localhost" "-no-remote" "-profile" "/tmp/rust_mozprofiley6R5EU"
Gtk-Message: 15:25:22.972: Failed to load module "canberra-gtk-module"
Gtk-Message: 15:25:22.974: Failed to load module "canberra-gtk-module"
1681305923630	Marionette	INFO	Marionette enabled
1681305923633	Marionette	INFO	Listening on port 38639
Read port: 38639
WebDriver BiDi listening on ws://localhost:34001
1681305924023	RemoteAgent	WARN	TLS certificate errors will be ignored for this session
console.warn: SearchSettings: "get: No settings file exists, new profile?" (new NotFoundError("Could not open the file at /tmp/rust_mozprofiley6R5EU/search.json.mozlz4", (void 0)))
Missing chrome or resource URL: resource://gre/modules/UpdateListener.jsm
Missing chrome or resource URL: resource://gre/modules/UpdateListener.sys.mjs
DevTools listening on ws://localhost:34001/devtools/browser/4ecec993-f35b-4aa0-93dd-78fc4b44c58d
[GFX1-]: Unrecognized feature ACCELERATED_CANVAS2D
[GFX1-]: Unrecognized feature ACCELERATED_CANVAS2D
Missing chrome or resource URL: resource://gre/modules/UpdateListener.jsm
Missing chrome or resource URL: resource://gre/modules/UpdateListener.sys.mjs
console.error: "Error during quit-application-granted: [Exception... \"File error: Not found\"  nsresult: \"0x80520012 (NS_ERROR_FILE_NOT_FOUND)\"  location: \"JS frame :: resource:///modules/BrowserGlue.jsm :: _onQuitApplicationGranted/tasks< :: line 2006\"  data: no]"
1681306260216	Marionette	INFO	Stopped listening on port 38639
console.warn: TopSitesFeed: Failed to fetch data from Contile server: NetworkError when attempting to fetch resource.
Missing chrome or resource URL: resource://gre/modules/UpdateListener.jsm
Missing chrome or resource URL: resource://gre/modules/UpdateListener.sys.mjs
console.error: "Error during quit-application-granted: [Exception... \"File error: Not found\"  nsresult: \"0x80520012 (NS_ERROR_FILE_NOT_FOUND)\"  location: \"JS frame :: resource:///modules/BrowserGlue.jsm :: _onQuitApplicationGranted/tasks< :: line 2006\"  data: no]"
1681306263266	Marionette	INFO	Stopped listening on port 41503
console.warn: TopSitesFeed: Failed to fetch data from Contile server: NetworkError when attempting to fetch resource.
1681306278644	geckodriver	INFO	Listening on 127.0.0.1:44233
1681306279008	mozrunner::runner	INFO	Running command: "/snap/firefox/current/firefox.launcher" "--marionette" "--remote-debugging-port" "60541" "--remote-allow-hosts" "localhost" "-no-remote" "-profile" "/tmp/rust_mozprofileWLxnHi"
Gtk-Message: 15:31:19.142: Failed to load module "canberra-gtk-module"
Gtk-Message: 15:31:19.144: Failed to load module "canberra-gtk-module"
1681306279779	Marionette	INFO	Marionette enabled
1681306279783	Marionette	INFO	Listening on port 45697
WebDriver BiDi listening on ws://localhost:60541
Read port: 45697
1681306280228	RemoteAgent	WARN	TLS certificate errors will be ignored for this session
console.warn: SearchSettings: "get: No settings file exists, new profile?" (new NotFoundError("Could not open the file at /tmp/rust_mozprofileWLxnHi/search.json.mozlz4", (void 0)))
Missing chrome or resource URL: resource://gre/modules/UpdateListener.jsm
Missing chrome or resource URL: resource://gre/modules/UpdateListener.sys.mjs
DevTools listening on ws://localhost:60541/devtools/browser/74743afb-13a7-437d-8d00-7c236a213883
Missing chrome or resource URL: resource://gre/modules/UpdateListener.jsm
Missing chrome or resource URL: resource://gre/modules/UpdateListener.sys.mjs
console.error: "Error during quit-application-granted: [Exception... \"File error: Not found\"  nsresult: \"0x80520012 (NS_ERROR_FILE_NOT_FOUND)\"  location: \"JS frame :: resource:///modules/BrowserGlue.jsm :: _onQuitApplicationGranted/tasks< :: line 2006\"  data: no]"
1681306284959	Marionette	INFO	Stopped listening on port 45697
JavaScript error: resource://activity-stream/lib/ActivityStreamPrefs.jsm, line 27: NS_ERROR_ILLEGAL_VALUE: Component returned failure code: 0x80070057 (NS_ERROR_ILLEGAL_VALUE) [nsIPrefBranch.removeObserver]
console.warn: TopSitesFeed: Failed to fetch data from Contile server: NetworkError when attempting to fetch resource.
JavaScript error: resource://activity-stream/lib/PlacesFeed.jsm, line 202: NS_ERROR_UNEXPECTED: Component returned failure code: 0x8000ffff (NS_ERROR_UNEXPECTED) [nsINavBookmarksService.addObserver]
JavaScript error: resource://gre/modules/JSONFile.jsm, line 136: AbortError: IOUtils.profileBeforeChange getter: IOUtils: profileBeforeChange phase has already finished
console.log: "RemoteSettingsWorker error: Error: Can't import when we've started shutting down."
JavaScript error: resource://gre/modules/JSONFile.jsm, line 184: Error: Data is not ready.
console.log: "RemoteSettingsWorker error: Error: Can't import when we've started shutting down."
console.log: "RemoteSettingsWorker error: Error: Can't import when we've started shutting down."
console.log: "RemoteSettingsWorker error: Error: Can't import when we've started shutting down."
console.log: "RemoteSettingsWorker error: Error: Can't import when we've started shutting down."
console.log: "RemoteSettingsWorker error: Error: Can't import when we've started shutting down."
console.log: "RemoteSettingsWorker error: Error: Can't import when we've started shutting down."
JavaScript error: resource://gre/modules/AsyncShutdown.jsm, line 720: Error: Phase "profile-before-change" is finished, it is too late to register completion condition "DoHController: clear state and remove observers"
1681306301024	geckodriver	INFO	Listening on 127.0.0.1:48385
1681306301375	mozrunner::runner	INFO	Running command: "/snap/firefox/current/firefox.launcher" "--marionette" "--remote-debugging-port" "46011" "--remote-allow-hosts" "localhost" "-no-remote" "-profile" "/tmp/rust_mozprofilewtl75f"
Gtk-Message: 15:31:41.514: Failed to load module "canberra-gtk-module"
Gtk-Message: 15:31:41.516: Failed to load module "canberra-gtk-module"
1681306302175	Marionette	INFO	Marionette enabled
1681306302179	Marionette	INFO	Listening on port 35013
WebDriver BiDi listening on ws://localhost:46011
Read port: 35013
1681306302688	RemoteAgent	WARN	TLS certificate errors will be ignored for this session
console.warn: SearchSettings: "get: No settings file exists, new profile?" (new NotFoundError("Could not open the file at /tmp/rust_mozprofilewtl75f/search.json.mozlz4", (void 0)))
Missing chrome or resource URL: resource://gre/modules/UpdateListener.jsm
Missing chrome or resource URL: resource://gre/modules/UpdateListener.sys.mjs
DevTools listening on ws://localhost:46011/devtools/browser/febd143c-f444-4b40-b25d-682ee8d4c2e6
1681306313497	Marionette	INFO	Stopped listening on port 35013
Missing chrome or resource URL: resource://gre/modules/UpdateListener.jsm
Missing chrome or resource URL: resource://gre/modules/UpdateListener.sys.mjs
console.error: "Error during quit-application-granted: [Exception... \"File error: Not found\"  nsresult: \"0x80520012 (NS_ERROR_FILE_NOT_FOUND)\"  location: \"JS frame :: resource:///modules/BrowserGlue.jsm :: _onQuitApplicationGranted/tasks< :: line 2006\"  data: no]"
JavaScript error: resource://gre/modules/CrashManager.jsm, line 906: AbortError: IOUtils: Shutting down and refusing additional I/O tasks
RunWatchdog: Mainthread nested event loops during hang: 
 --- (no nested event loop active)
ExceptionHandler::GenerateDump cloned child ExceptionHandler::WaitForContinueSignal waiting for continue signal...
489457
ExceptionHandler::SendContinueSignalToChild sent continue signal to child
1681306353774	geckodriver	INFO	Listening on 127.0.0.1:34081
1681306354110	mozrunner::runner	INFO	Running command: "/snap/firefox/current/firefox.launcher" "--marionette" "--remote-debugging-port" "36295" "--remote-allow-hosts" "localhost" "-no-remote" "-profile" "/tmp/rust_mozprofilel1DZEY"
Gtk-Message: 15:32:34.224: Failed to load module "canberra-gtk-module"
Gtk-Message: 15:32:34.225: Failed to load module "canberra-gtk-module"
1681306354879	Marionette	INFO	Marionette enabled
1681306354890	Marionette	INFO	Listening on port 37555
WebDriver BiDi listening on ws://localhost:36295
Read port: 37555
1681306355512	RemoteAgent	WARN	TLS certificate errors will be ignored for this session
console.warn: SearchSettings: "get: No settings file exists, new profile?" (new NotFoundError("Could not open the file at /tmp/rust_mozprofilel1DZEY/search.json.mozlz4", (void 0)))
Missing chrome or resource URL: resource://gre/modules/UpdateListener.jsm
Missing chrome or resource URL: resource://gre/modules/UpdateListener.sys.mjs
DevTools listening on ws://localhost:36295/devtools/browser/0a719396-39b6-479d-9263-fe898e663f27
1681306449521	geckodriver	INFO	Listening on 127.0.0.1:54517
1681306449864	mozrunner::runner	INFO	Running command: "/snap/firefox/current/firefox.launcher" "--marionette" "--remote-debugging-port" "59603" "--remote-allow-hosts" "localhost" "-no-remote" "-profile" "/tmp/rust_mozprofileyiwlfu"
Gtk-Message: 15:34:10.018: Failed to load module "canberra-gtk-module"
Gtk-Message: 15:34:10.020: Failed to load module "canberra-gtk-module"
1681306450695	Marionette	INFO	Marionette enabled
1681306450699	Marionette	INFO	Listening on port 38201
WebDriver BiDi listening on ws://localhost:59603
Read port: 38201
1681306451152	RemoteAgent	WARN	TLS certificate errors will be ignored for this session
console.warn: SearchSettings: "get: No settings file exists, new profile?" (new NotFoundError("Could not open the file at /tmp/rust_mozprofileyiwlfu/search.json.mozlz4", (void 0)))
Missing chrome or resource URL: resource://gre/modules/UpdateListener.jsm
Missing chrome or resource URL: resource://gre/modules/UpdateListener.sys.mjs
DevTools listening on ws://localhost:59603/devtools/browser/f956c6fa-e93f-4049-a97e-e7654c0c4a46
[GFX1-]: Unrecognized feature ACCELERATED_CANVAS2D
[GFX1-]: Unrecognized feature ACCELERATED_CANVAS2D
JavaScript error: resource://gre/actors/ContentMetaChild.jsm, line 185: InvalidStateError: JSWindowActorChild.sendAsyncMessage: JSWindowActorChild cannot send at the moment
1681307198734	Marionette	WARN	Ignoring event 'DOMContentLoaded' because document has an invalid readyState of 'complete'.
1681307617021	Marionette	WARN	Ignoring event 'DOMContentLoaded' because document has an invalid readyState of 'complete'.
1681307808666	Marionette	WARN	Ignoring event 'DOMContentLoaded' because document has an invalid readyState of 'complete'.
1681307831449	Marionette	WARN	Ignoring event 'DOMContentLoaded' because document has an invalid readyState of 'complete'.
1681307973941	Marionette	WARN	Ignoring event 'DOMContentLoaded' because document has an invalid readyState of 'complete'.
JavaScript error: resource://gre/actors/ContentMetaChild.jsm, line 185: InvalidStateError: JSWindowActorChild.sendAsyncMessage: JSWindowActorChild cannot send at the moment
Missing chrome or resource URL: resource://gre/modules/UpdateListener.jsm
Missing chrome or resource URL: resource://gre/modules/UpdateListener.sys.mjs
console.error: "Error during quit-application-granted: [Exception... \"File error: Not found\"  nsresult: \"0x80520012 (NS_ERROR_FILE_NOT_FOUND)\"  location: \"JS frame :: resource:///modules/BrowserGlue.jsm :: _onQuitApplicationGranted/tasks< :: line 2006\"  data: no]"
1681315714012	Marionette	INFO	Stopped listening on port 37555
console.warn: TopSitesFeed: Failed to fetch data from Contile server: NetworkError when attempting to fetch resource.
1681315734626	geckodriver	INFO	Listening on 127.0.0.1:35809
1681315734917	mozrunner::runner	INFO	Running command: "/snap/firefox/current/firefox.launcher" "--marionette" "--remote-debugging-port" "36539" "--remote-allow-hosts" "localhost" "-no-remote" "-profile" "/tmp/rust_mozprofileGsUAIs"
Gtk-Message: 18:08:55.045: Failed to load module "canberra-gtk-module"
Gtk-Message: 18:08:55.048: Failed to load module "canberra-gtk-module"
1681315735727	Marionette	INFO	Marionette enabled
1681315735730	Marionette	INFO	Listening on port 40061
WebDriver BiDi listening on ws://localhost:36539
Read port: 40061
1681315736092	RemoteAgent	WARN	TLS certificate errors will be ignored for this session
console.warn: SearchSettings: "get: No settings file exists, new profile?" (new NotFoundError("Could not open the file at /tmp/rust_mozprofileGsUAIs/search.json.mozlz4", (void 0)))
Missing chrome or resource URL: resource://gre/modules/UpdateListener.jsm
Missing chrome or resource URL: resource://gre/modules/UpdateListener.sys.mjs
DevTools listening on ws://localhost:36539/devtools/browser/6df38ecf-b04f-42d4-b15e-89606f566845
[GFX1-]: Unrecognized feature ACCELERATED_CANVAS2D
1681316308052	Marionette	WARN	Ignoring event 'DOMContentLoaded' because document has an invalid readyState of 'complete'.
JavaScript error: resource://gre/actors/ContentMetaChild.jsm, line 185: InvalidStateError: JSWindowActorChild.sendAsyncMessage: JSWindowActorChild cannot send at the moment
1681316601764	Marionette	WARN	Ignoring event 'DOMContentLoaded' because document has an invalid readyState of 'complete'.
1681316701812	Marionette	WARN	Ignoring event 'DOMContentLoaded' because document has an invalid readyState of 'complete'.
1681316837819	Marionette	WARN	Ignoring event 'DOMContentLoaded' because document has an invalid readyState of 'complete'.
JavaScript error: resource://gre/actors/ContentMetaChild.jsm, line 185: InvalidStateError: JSWindowActorChild.sendAsyncMessage: JSWindowActorChild cannot send at the moment
JavaScript error: resource://gre/actors/ContentMetaChild.jsm, line 185: InvalidStateError: JSWindowActorChild.sendAsyncMessage: JSWindowActorChild cannot send at the moment
1681317224998	Marionette	WARN	Ignoring event 'DOMContentLoaded' because document has an invalid readyState of 'complete'.
1681317233356	Marionette	WARN	Ignoring event 'DOMContentLoaded' because document has an invalid readyState of 'complete'.
1681317413255	Marionette	WARN	Ignoring event 'DOMContentLoaded' because document has an invalid readyState of 'complete'.
Missing chrome or resource URL: resource://gre/modules/UpdateListener.jsm
Missing chrome or resource URL: resource://gre/modules/UpdateListener.sys.mjs
console.error: "Error during quit-application-granted: [Exception... \"File error: Not found\"  nsresult: \"0x80520012 (NS_ERROR_FILE_NOT_FOUND)\"  location: \"JS frame :: resource:///modules/BrowserGlue.jsm :: _onQuitApplicationGranted/tasks< :: line 2006\"  data: no]"
1681368425554	Marionette	INFO	Stopped listening on port 38201
console.warn: TopSitesFeed: Failed to fetch data from Contile server: NetworkError when attempting to fetch resource.
Missing chrome or resource URL: resource://gre/modules/UpdateListener.jsm
Missing chrome or resource URL: resource://gre/modules/UpdateListener.sys.mjs
console.error: "Error during quit-application-granted: [Exception... \"File error: Not found\"  nsresult: \"0x80520012 (NS_ERROR_FILE_NOT_FOUND)\"  location: \"JS frame :: resource:///modules/BrowserGlue.jsm :: _onQuitApplicationGranted/tasks< :: line 2006\"  data: no]"
1681368876300	Marionette	INFO	Stopped listening on port 40061
console.warn: TopSitesFeed: Failed to fetch data from Contile server: NetworkError when attempting to fetch resource.
1681369042521	geckodriver	INFO	Listening on 127.0.0.1:60489
1681369042792	mozrunner::runner	INFO	Running command: "/snap/firefox/current/firefox.launcher" "--marionette" "--remote-debugging-port" "56467" "--remote-allow-hosts" "localhost" "-no-remote" "-profile" "/tmp/rust_mozprofileShR2nc"
Gtk-Message: 08:57:22.918: Failed to load module "canberra-gtk-module"
Gtk-Message: 08:57:22.920: Failed to load module "canberra-gtk-module"
1681369043527	Marionette	INFO	Marionette enabled
1681369043530	Marionette	INFO	Listening on port 36235
WebDriver BiDi listening on ws://localhost:56467
Read port: 36235
1681369043999	RemoteAgent	WARN	TLS certificate errors will be ignored for this session
console.warn: SearchSettings: "get: No settings file exists, new profile?" (new NotFoundError("Could not open the file at /tmp/rust_mozprofileShR2nc/search.json.mozlz4", (void 0)))
Missing chrome or resource URL: resource://gre/modules/UpdateListener.jsm
Missing chrome or resource URL: resource://gre/modules/UpdateListener.sys.mjs
DevTools listening on ws://localhost:56467/devtools/browser/7bc74f96-2123-4773-a4da-2a16df2c122c
1681369163618	geckodriver	INFO	Listening on 127.0.0.1:51303
1681369163942	mozrunner::runner	INFO	Running command: "/snap/firefox/current/firefox.launcher" "--marionette" "--remote-debugging-port" "57249" "--remote-allow-hosts" "localhost" "-no-remote" "-profile" "/tmp/rust_mozprofiledGzooV"
Gtk-Message: 08:59:24.065: Failed to load module "canberra-gtk-module"
Gtk-Message: 08:59:24.067: Failed to load module "canberra-gtk-module"
1681369164666	Marionette	INFO	Marionette enabled
1681369164669	Marionette	INFO	Listening on port 43185
WebDriver BiDi listening on ws://localhost:57249
Read port: 43185
1681369165195	RemoteAgent	WARN	TLS certificate errors will be ignored for this session
Missing chrome or resource URL: resource://gre/modules/UpdateListener.jsm
Missing chrome or resource URL: resource://gre/modules/UpdateListener.sys.mjs
console.error: "Error during quit-application-granted: [Exception... \"File error: Not found\"  nsresult: \"0x80520012 (NS_ERROR_FILE_NOT_FOUND)\"  location: \"JS frame :: resource:///modules/BrowserGlue.jsm :: _onQuitApplicationGranted/tasks< :: line 2006\"  data: no]"
1681369167572	Marionette	INFO	Stopped listening on port 36235
console.warn: TopSitesFeed: Failed to fetch data from Contile server: NetworkError when attempting to fetch resource.
1681369169655	geckodriver	INFO	Listening on 127.0.0.1:49121
1681369169979	mozrunner::runner	INFO	Running command: "/snap/firefox/current/firefox.launcher" "--marionette" "--remote-debugging-port" "40153" "--remote-allow-hosts" "localhost" "-no-remote" "-profile" "/tmp/rust_mozprofilem9gTrq"
Gtk-Message: 08:59:30.117: Failed to load module "canberra-gtk-module"
Gtk-Message: 08:59:30.118: Failed to load module "canberra-gtk-module"
1681369170694	Marionette	INFO	Marionette enabled
1681369170696	Marionette	INFO	Listening on port 46361
WebDriver BiDi listening on ws://localhost:40153
Read port: 46361
1681369171159	RemoteAgent	WARN	TLS certificate errors will be ignored for this session
console.warn: SearchSettings: "get: No settings file exists, new profile?" (new NotFoundError("Could not open the file at /tmp/rust_mozprofilem9gTrq/search.json.mozlz4", (void 0)))
Missing chrome or resource URL: resource://gre/modules/UpdateListener.jsm
Missing chrome or resource URL: resource://gre/modules/UpdateListener.sys.mjs
DevTools listening on ws://localhost:40153/devtools/browser/a8b88c4c-60e1-4808-8d95-ded25285adaa
[GFX1-]: Unrecognized feature ACCELERATED_CANVAS2D
1681369815965	geckodriver	INFO	Listening on 127.0.0.1:43171
1681369816276	mozrunner::runner	INFO	Running command: "/snap/firefox/current/firefox.launcher" "--marionette" "--remote-debugging-port" "54497" "--remote-allow-hosts" "localhost" "-no-remote" "-profile" "/tmp/rust_mozprofilek7U6QD"
Gtk-Message: 09:10:16.400: Failed to load module "canberra-gtk-module"
Gtk-Message: 09:10:16.402: Failed to load module "canberra-gtk-module"
1681369816947	Marionette	INFO	Marionette enabled
1681369816950	Marionette	INFO	Listening on port 35953
WebDriver BiDi listening on ws://localhost:54497
Read port: 35953
1681369817342	RemoteAgent	WARN	TLS certificate errors will be ignored for this session
console.warn: SearchSettings: "get: No settings file exists, new profile?" (new NotFoundError("Could not open the file at /tmp/rust_mozprofilek7U6QD/search.json.mozlz4", (void 0)))
Missing chrome or resource URL: resource://gre/modules/UpdateListener.jsm
Missing chrome or resource URL: resource://gre/modules/UpdateListener.sys.mjs
DevTools listening on ws://localhost:54497/devtools/browser/6d799943-bad3-49fe-bd08-c4b0f9c5f7ed
Exiting due to channel error.
Exiting due to channel error.
Exiting due to channel error.
1681369856146	geckodriver	INFO	Listening on 127.0.0.1:40795
1681369856458	mozrunner::runner	INFO	Running command: "/snap/firefox/current/firefox.launcher" "--marionette" "--remote-debugging-port" "48419" "--remote-allow-hosts" "localhost" "-no-remote" "-profile" "/tmp/rust_mozprofileev8jH1"
Gtk-Message: 09:10:56.591: Failed to load module "canberra-gtk-module"
Gtk-Message: 09:10:56.592: Failed to load module "canberra-gtk-module"
1681369857200	Marionette	INFO	Marionette enabled
1681369857203	Marionette	INFO	Listening on port 38635
WebDriver BiDi listening on ws://localhost:48419
Read port: 38635
1681369857639	RemoteAgent	WARN	TLS certificate errors will be ignored for this session
console.warn: SearchSettings: "get: No settings file exists, new profile?" (new NotFoundError("Could not open the file at /tmp/rust_mozprofileev8jH1/search.json.mozlz4", (void 0)))
Missing chrome or resource URL: resource://gre/modules/UpdateListener.jsm
Missing chrome or resource URL: resource://gre/modules/UpdateListener.sys.mjs
DevTools listening on ws://localhost:48419/devtools/browser/7b528d55-44fb-463e-835d-0d97d8b958f6
Missing chrome or resource URL: resource://gre/modules/UpdateListener.jsm
Missing chrome or resource URL: resource://gre/modules/UpdateListener.sys.mjs
console.error: "Error during quit-application-granted: [Exception... \"File error: Not found\"  nsresult: \"0x80520012 (NS_ERROR_FILE_NOT_FOUND)\"  location: \"JS frame :: resource:///modules/BrowserGlue.jsm :: _onQuitApplicationGranted/tasks< :: line 2006\"  data: no]"
1681369879941	Marionette	INFO	Stopped listening on port 46361
console.warn: TopSitesFeed: Failed to fetch data from Contile server: NetworkError when attempting to fetch resource.
Missing chrome or resource URL: resource://gre/modules/UpdateListener.jsm
Missing chrome or resource URL: resource://gre/modules/UpdateListener.sys.mjs
console.error: "Error during quit-application-granted: [Exception... \"File error: Not found\"  nsresult: \"0x80520012 (NS_ERROR_FILE_NOT_FOUND)\"  location: \"JS frame :: resource:///modules/BrowserGlue.jsm :: _onQuitApplicationGranted/tasks< :: line 2006\"  data: no]"
1681369881968	Marionette	INFO	Stopped listening on port 38635
console.warn: TopSitesFeed: Failed to fetch data from Contile server: NetworkError when attempting to fetch resource.
1681369904188	geckodriver	INFO	Listening on 127.0.0.1:52613
1681369904509	mozrunner::runner	INFO	Running command: "/snap/firefox/current/firefox.launcher" "--marionette" "--remote-debugging-port" "42183" "--remote-allow-hosts" "localhost" "-no-remote" "-profile" "/tmp/rust_mozprofilez4g8Oq"
Gtk-Message: 09:11:44.651: Failed to load module "canberra-gtk-module"
Gtk-Message: 09:11:44.652: Failed to load module "canberra-gtk-module"
1681369905240	Marionette	INFO	Marionette enabled
1681369905243	Marionette	INFO	Listening on port 37281
WebDriver BiDi listening on ws://localhost:42183
Read port: 37281
1681369905873	RemoteAgent	WARN	TLS certificate errors will be ignored for this session
console.warn: SearchSettings: "get: No settings file exists, new profile?" (new NotFoundError("Could not open the file at /tmp/rust_mozprofilez4g8Oq/search.json.mozlz4", (void 0)))
Missing chrome or resource URL: resource://gre/modules/UpdateListener.jsm
Missing chrome or resource URL: resource://gre/modules/UpdateListener.sys.mjs
DevTools listening on ws://localhost:42183/devtools/browser/c66fad22-3663-4d7e-9ec2-d13e2cff376a
1681369924460	geckodriver	INFO	Listening on 127.0.0.1:39655
1681369924764	mozrunner::runner	INFO	Running command: "/snap/firefox/current/firefox.launcher" "--marionette" "--remote-debugging-port" "60963" "--remote-allow-hosts" "localhost" "-no-remote" "-profile" "/tmp/rust_mozprofile40P6BJ"
Gtk-Message: 09:12:04.906: Failed to load module "canberra-gtk-module"
Gtk-Message: 09:12:04.907: Failed to load module "canberra-gtk-module"
1681369925608	Marionette	INFO	Marionette enabled
1681369925612	Marionette	INFO	Listening on port 41765
WebDriver BiDi listening on ws://localhost:60963
Read port: 41765
1681369926047	RemoteAgent	WARN	TLS certificate errors will be ignored for this session
Missing chrome or resource URL: resource://gre/modules/UpdateListener.jsm
Missing chrome or resource URL: resource://gre/modules/UpdateListener.sys.mjs
console.error: "Error during quit-application-granted: [Exception... \"File error: Not found\"  nsresult: \"0x80520012 (NS_ERROR_FILE_NOT_FOUND)\"  location: \"JS frame :: resource:///modules/BrowserGlue.jsm :: _onQuitApplicationGranted/tasks< :: line 2006\"  data: no]"
1681369926404	Marionette	INFO	Stopped listening on port 37281
console.warn: TopSitesFeed: Failed to fetch data from Contile server: NetworkError when attempting to fetch resource.
console.warn: SearchSettings: "get: No settings file exists, new profile?" (new NotFoundError("Could not open the file at /tmp/rust_mozprofile40P6BJ/search.json.mozlz4", (void 0)))
Missing chrome or resource URL: resource://gre/modules/UpdateListener.jsm
Missing chrome or resource URL: resource://gre/modules/UpdateListener.sys.mjs
DevTools listening on ws://localhost:60963/devtools/browser/6e3fcd4d-3969-4a8c-b3fa-8bbf9ff7d44f
Missing chrome or resource URL: resource://gre/modules/UpdateListener.jsm
Missing chrome or resource URL: resource://gre/modules/UpdateListener.sys.mjs
console.error: "Error during quit-application-granted: [Exception... \"File error: Not found\"  nsresult: \"0x80520012 (NS_ERROR_FILE_NOT_FOUND)\"  location: \"JS frame :: resource:///modules/BrowserGlue.jsm :: _onQuitApplicationGranted/tasks< :: line 2006\"  data: no]"
1681369934568	Marionette	INFO	Stopped listening on port 41765
console.warn: TopSitesFeed: Failed to fetch data from Contile server: NetworkError when attempting to fetch resource.
console.log: "RemoteSettingsWorker error: Error: Can't import when we've started shutting down."
console.log: "RemoteSettingsWorker error: Error: Can't import when we've started shutting down."
console.log: "RemoteSettingsWorker error: Error: Can't import when we've started shutting down."
console.log: "RemoteSettingsWorker error: Error: Can't import when we've started shutting down."
console.log: "RemoteSettingsWorker error: Error: Can't import when we've started shutting down."
JavaScript error: resource://gre/modules/AsyncShutdown.jsm, line 720: Error: Phase "profile-before-change" is finished, it is too late to register completion condition "DoHController: clear state and remove observers"
JavaScript error: resource://gre/modules/CrashManager.jsm, line 906: AbortError: IOUtils: Shutting down and refusing additional I/O tasks
1681369983130	geckodriver	INFO	Listening on 127.0.0.1:41979
1681369983438	mozrunner::runner	INFO	Running command: "/snap/firefox/current/firefox.launcher" "--marionette" "--remote-debugging-port" "42231" "--remote-allow-hosts" "localhost" "-no-remote" "-profile" "/tmp/rust_mozprofileBSMmIH"
Gtk-Message: 09:13:03.546: Failed to load module "canberra-gtk-module"
Gtk-Message: 09:13:03.547: Failed to load module "canberra-gtk-module"
1681369984103	Marionette	INFO	Marionette enabled
1681369984106	Marionette	INFO	Listening on port 42221
WebDriver BiDi listening on ws://localhost:42231
Read port: 42221
1681369984460	RemoteAgent	WARN	TLS certificate errors will be ignored for this session
console.warn: SearchSettings: "get: No settings file exists, new profile?" (new NotFoundError("Could not open the file at /tmp/rust_mozprofileBSMmIH/search.json.mozlz4", (void 0)))
Missing chrome or resource URL: resource://gre/modules/UpdateListener.jsm
Missing chrome or resource URL: resource://gre/modules/UpdateListener.sys.mjs
DevTools listening on ws://localhost:42231/devtools/browser/bcc393a1-b214-412c-bc7a-1376aab974b2
Missing chrome or resource URL: resource://gre/modules/UpdateListener.jsm
Missing chrome or resource URL: resource://gre/modules/UpdateListener.sys.mjs
console.error: "Error during quit-application-granted: [Exception... \"File error: Not found\"  nsresult: \"0x80520012 (NS_ERROR_FILE_NOT_FOUND)\"  location: \"JS frame :: resource:///modules/BrowserGlue.jsm :: _onQuitApplicationGranted/tasks< :: line 2006\"  data: no]"
1681369988232	Marionette	INFO	Stopped listening on port 42221
JavaScript error: resource://activity-stream/lib/ActivityStreamPrefs.jsm, line 27: NS_ERROR_ILLEGAL_VALUE: Component returned failure code: 0x80070057 (NS_ERROR_ILLEGAL_VALUE) [nsIPrefBranch.removeObserver]
JavaScript error: resource://gre/modules/NewTabUtils.jsm, line 678: NS_ERROR_UNEXPECTED: Component returned failure code: 0x8000ffff (NS_ERROR_UNEXPECTED) [nsINavHistoryService.asyncExecuteLegacyQuery]
console.warn: TopSitesFeed: Failed to fetch data from Contile server: NetworkError when attempting to fetch resource.
JavaScript error: resource://activity-stream/lib/PlacesFeed.jsm, line 202: NS_ERROR_UNEXPECTED: Component returned failure code: 0x8000ffff (NS_ERROR_UNEXPECTED) [nsINavBookmarksService.addObserver]
JavaScript error: resource://gre/modules/JSONFile.jsm, line 136: AbortError: IOUtils.profileBeforeChange getter: IOUtils: profileBeforeChange phase has already finished
console.log: "RemoteSettingsWorker error: Error: Can't import when we've started shutting down."
JavaScript error: resource://gre/modules/JSONFile.jsm, line 184: Error: Data is not ready.
console.log: "RemoteSettingsWorker error: Error: Can't import when we've started shutting down."
console.log: "RemoteSettingsWorker error: Error: Can't import when we've started shutting down."
console.log: "RemoteSettingsWorker error: Error: Can't import when we've started shutting down."
console.log: "RemoteSettingsWorker error: Error: Can't import when we've started shutting down."
console.log: "RemoteSettingsWorker error: Error: Can't import when we've started shutting down."
RunWatchdog: Mainthread nested event loops during hang: 
 --- (no nested event loop active)
ExceptionHandler::GenerateDump cloned child 527520
ExceptionHandler::SendContinueSignalToChild sent continue signal to child
ExceptionHandler::WaitForContinueSignal waiting for continue signal...
JavaScript error: resource://gre/modules/CrashManager.jsm, line 906: AbortError: IOUtils: Shutting down and refusing additional I/O tasks
RunWatchdog: Mainthread nested event loops during hang: 
 --- (no nested event loop active)
ExceptionHandler::GenerateDump cloned child 527593
ExceptionHandler::SendContinueSignalToChild sent continue signal to child
ExceptionHandler::WaitForContinueSignal waiting for continue signal...
1681370062555	geckodriver	INFO	Listening on 127.0.0.1:38517
1681370062891	mozrunner::runner	INFO	Running command: "/snap/firefox/current/firefox.launcher" "--marionette" "--remote-debugging-port" "40413" "--remote-allow-hosts" "localhost" "-no-remote" "-profile" "/tmp/rust_mozprofileyQdgDU"
Gtk-Message: 09:14:23.030: Failed to load module "canberra-gtk-module"
Gtk-Message: 09:14:23.031: Failed to load module "canberra-gtk-module"
1681370063635	Marionette	INFO	Marionette enabled
1681370063638	Marionette	INFO	Listening on port 40953
WebDriver BiDi listening on ws://localhost:40413
Read port: 40953
1681370063993	RemoteAgent	WARN	TLS certificate errors will be ignored for this session
console.warn: SearchSettings: "get: No settings file exists, new profile?" (new NotFoundError("Could not open the file at /tmp/rust_mozprofileyQdgDU/search.json.mozlz4", (void 0)))
Missing chrome or resource URL: resource://gre/modules/UpdateListener.jsm
Missing chrome or resource URL: resource://gre/modules/UpdateListener.sys.mjs
DevTools listening on ws://localhost:40413/devtools/browser/9f5917d1-f200-442f-99f0-c4e7cd7dcba7
Missing chrome or resource URL: resource://gre/modules/UpdateListener.jsm
Missing chrome or resource URL: resource://gre/modules/UpdateListener.sys.mjs
console.error: "Error during quit-application-granted: [Exception... \"File error: Not found\"  nsresult: \"0x80520012 (NS_ERROR_FILE_NOT_FOUND)\"  location: \"JS frame :: resource:///modules/BrowserGlue.jsm :: _onQuitApplicationGranted/tasks< :: line 2006\"  data: no]"
1681370099067	Marionette	INFO	Stopped listening on port 40953
console.warn: TopSitesFeed: Failed to fetch data from Contile server: NetworkError when attempting to fetch resource.
1681370115529	geckodriver	INFO	Listening on 127.0.0.1:42705
1681370115857	mozrunner::runner	INFO	Running command: "/snap/firefox/current/firefox.launcher" "--marionette" "--remote-debugging-port" "45901" "--remote-allow-hosts" "localhost" "-no-remote" "-profile" "/tmp/rust_mozprofile5EAvQ4"
Gtk-Message: 09:15:15.961: Failed to load module "canberra-gtk-module"
Gtk-Message: 09:15:15.962: Failed to load module "canberra-gtk-module"
1681370116529	Marionette	INFO	Marionette enabled
1681370116533	Marionette	INFO	Listening on port 36905
WebDriver BiDi listening on ws://localhost:45901
Read port: 36905
1681370116925	RemoteAgent	WARN	TLS certificate errors will be ignored for this session
console.warn: SearchSettings: "get: No settings file exists, new profile?" (new NotFoundError("Could not open the file at /tmp/rust_mozprofile5EAvQ4/search.json.mozlz4", (void 0)))
Missing chrome or resource URL: resource://gre/modules/UpdateListener.jsm
Missing chrome or resource URL: resource://gre/modules/UpdateListener.sys.mjs
DevTools listening on ws://localhost:45901/devtools/browser/ffbfaa2f-d166-4c7c-94df-e73a37a8c8ad
1681370243853	geckodriver	INFO	Listening on 127.0.0.1:33741
1681370244166	mozrunner::runner	INFO	Running command: "/snap/firefox/current/firefox.launcher" "--marionette" "--remote-debugging-port" "41993" "--remote-allow-hosts" "localhost" "-no-remote" "-profile" "/tmp/rust_mozprofileIReD2S"
Gtk-Message: 09:17:24.314: Failed to load module "canberra-gtk-module"
Gtk-Message: 09:17:24.315: Failed to load module "canberra-gtk-module"
1681370244913	Marionette	INFO	Marionette enabled
1681370244916	Marionette	INFO	Listening on port 42921
WebDriver BiDi listening on ws://localhost:41993
Read port: 42921
1681370245432	RemoteAgent	WARN	TLS certificate errors will be ignored for this session
console.warn: SearchSettings: "get: No settings file exists, new profile?" (new NotFoundError("Could not open the file at /tmp/rust_mozprofileIReD2S/search.json.mozlz4", (void 0)))
Missing chrome or resource URL: resource://gre/modules/UpdateListener.jsm
Missing chrome or resource URL: resource://gre/modules/UpdateListener.sys.mjs
DevTools listening on ws://localhost:41993/devtools/browser/13e2e806-7952-4f1d-bed3-8df67b59508d
Missing chrome or resource URL: resource://gre/modules/UpdateListener.jsm
Missing chrome or resource URL: resource://gre/modules/UpdateListener.sys.mjs
console.error: "Error during quit-application-granted: [Exception... \"File error: Not found\"  nsresult: \"0x80520012 (NS_ERROR_FILE_NOT_FOUND)\"  location: \"JS frame :: resource:///modules/BrowserGlue.jsm :: _onQuitApplicationGranted/tasks< :: line 2006\"  data: no]"
1681370366194	Marionette	INFO	Stopped listening on port 42921
console.warn: TopSitesFeed: Failed to fetch data from Contile server: NetworkError when attempting to fetch resource.
Missing chrome or resource URL: resource://gre/modules/UpdateListener.jsm
Missing chrome or resource URL: resource://gre/modules/UpdateListener.sys.mjs
console.error: "Error during quit-application-granted: [Exception... \"File error: Not found\"  nsresult: \"0x80520012 (NS_ERROR_FILE_NOT_FOUND)\"  location: \"JS frame :: resource:///modules/BrowserGlue.jsm :: _onQuitApplicationGranted/tasks< :: line 2006\"  data: no]"
1681370367713	Marionette	INFO	Stopped listening on port 36905
console.warn: TopSitesFeed: Failed to fetch data from Contile server: NetworkError when attempting to fetch resource.
1681370473931	geckodriver	INFO	Listening on 127.0.0.1:60727
1681370474251	mozrunner::runner	INFO	Running command: "/snap/firefox/current/firefox.launcher" "--marionette" "--remote-debugging-port" "55377" "--remote-allow-hosts" "localhost" "-no-remote" "-profile" "/tmp/rust_mozprofile2W0NBa"
Gtk-Message: 09:21:14.394: Failed to load module "canberra-gtk-module"
Gtk-Message: 09:21:14.396: Failed to load module "canberra-gtk-module"
1681370474982	Marionette	INFO	Marionette enabled
1681370474985	Marionette	INFO	Listening on port 45643
WebDriver BiDi listening on ws://localhost:55377
Read port: 45643
1681370475427	RemoteAgent	WARN	TLS certificate errors will be ignored for this session
console.warn: SearchSettings: "get: No settings file exists, new profile?" (new NotFoundError("Could not open the file at /tmp/rust_mozprofile2W0NBa/search.json.mozlz4", (void 0)))
Missing chrome or resource URL: resource://gre/modules/UpdateListener.jsm
Missing chrome or resource URL: resource://gre/modules/UpdateListener.sys.mjs
DevTools listening on ws://localhost:55377/devtools/browser/6a1bc47c-40d1-419d-b219-546194dc73ff
JavaScript error: resource://gre/actors/ContentMetaChild.jsm, line 185: InvalidStateError: JSWindowActorChild.sendAsyncMessage: JSWindowActorChild cannot send at the moment
JavaScript error: resource://gre/actors/ContentMetaChild.jsm, line 185: InvalidStateError: JSWindowActorChild.sendAsyncMessage: JSWindowActorChild cannot send at the moment
JavaScript error: resource://gre/actors/ContentMetaChild.jsm, line 185: InvalidStateError: JSWindowActorChild.sendAsyncMessage: JSWindowActorChild cannot send at the moment
[GFX1-]: Unrecognized feature ACCELERATED_CANVAS2D
JavaScript error: resource://gre/actors/ContentMetaChild.jsm, line 185: InvalidStateError: JSWindowActorChild.sendAsyncMessage: JSWindowActorChild cannot send at the moment
JavaScript error: resource://gre/actors/ContentMetaChild.jsm, line 185: InvalidStateError: JSWindowActorChild.sendAsyncMessage: JSWindowActorChild cannot send at the moment
JavaScript error: resource://gre/actors/ContentMetaChild.jsm, line 185: InvalidStateError: JSWindowActorChild.sendAsyncMessage: JSWindowActorChild cannot send at the moment
JavaScript error: resource://gre/actors/ContentMetaChild.jsm, line 185: InvalidStateError: JSWindowActorChild.sendAsyncMessage: JSWindowActorChild cannot send at the moment
JavaScript error: resource://gre/actors/ContentMetaChild.jsm, line 185: InvalidStateError: JSWindowActorChild.sendAsyncMessage: JSWindowActorChild cannot send at the moment
JavaScript error: resource://gre/actors/ContentMetaChild.jsm, line 185: InvalidStateError: JSWindowActorChild.sendAsyncMessage: JSWindowActorChild cannot send at the moment
JavaScript error: resource://gre/actors/ContentMetaChild.jsm, line 185: InvalidStateError: JSWindowActorChild.sendAsyncMessage: JSWindowActorChild cannot send at the moment
